🚀 Webhook Server is running on port 3005
[handoff] 🟢 เชื่อมต่อ Redis สำหรับระบบ Handoff เรียบร้อยแล้ว
[Redis] เชื่อมต่อสำเร็จ ✅

=============================================
📘 แหล่งที่มา: FB เพจที่ 4 (กว่างโจว)
👤 ลูกค้า (Pakasit Wiwekwan): "เริ่มใหม่"
🤖 AI ตอบ: "สวัสดีค่ะ 😊 ขอข้อมูลเบื้องต้นหน่อยนะคะ 
1. อายุเท่าไหร่คะ 
2. มีพื้นฐานภาษาจีนหรือไม่คะ 
3. เคยไปเรียนที่ประเทศจีนมาก่อนไหมคะ 😊"
=============================================

[META] 📤 กำลังส่งข้อความ: "สวัสดีค่ะ 😊 ขอข้อมูลเบื้องต้นหน่อยนะคะ 
1. อายุเท..."
[META] ✅ ส่งสำเร็จ

=============================================
📘 แหล่งที่มา: FB เพจที่ 4 (กว่างโจว)
👤 ลูกค้า (Pakasit Wiwekwan): "27 ไม่มีพื้นฐาน และไม่เคยไปจีน"
🤖 AI ตอบ: "สำหรับคุณที่อายุ 27 ปีและไม่มีพื้นฐานภาษาจีน ทางเราขอเสนอคอร์สภาษาจีนปกติ (Standard Chinese) ที่ South China Normal University (SCNU) ในกว่างโจวค่ะ ซึ่งเหมาะสำหรับผู้เริ่มต้นไม่ต้องมีพื้นฐานค่ะ

คอร์สนี้จะช่วยให้คุณเริ่มเรียนรู้ภาษาจีนได้อย่างมีประสิทธิภาพและสนุกสนานค่ะ

นี่คือโบรชัวร์ของคอร์สเรียนที่กว่างโจวค่ะ:

![โบรชัวร์คอร์สเรียนกว่างโจว](https://festivity-willfully-anchor.ngrok-free.dev/images/china/guangzhou/course-brochure.jpg)

หากสนใจหรือมีคำถามเพิ่มเติม สามารถสอบถามได้เลยนะคะ 😊"
=============================================

[META] 📤 กำลังส่งข้อความ: "สำหรับคุณที่อายุ 27 ปีและไม่มีพื้นฐานภาษาจีน ทางเร..."
[META] 🖼️ กำลังส่งรูปภาพ (Image Attachment): https://festivity-willfully-anchor.ngrok-free.dev/images/china/guangzhou/course-brochure.jpg
[FB send error] (#100) อัพโหลดไฟล์แนบไม่สำเร็จ
[META] 📤 กำลังส่งข้อความ: "ดูตารางค่าเทอมได้ที่นี่ค่ะ: https://festivity-will..."
[META] 📤 กำลังส่งข้อความ: "หากสนใจหรือมีคำถามเพิ่มเติม สามารถสอบถามได้เลยนะคะ..."
[META] ✅ ส่งสำเร็จ

=============================================
📘 แหล่งที่มา: FB เพจที่ 6 (เซี่ยงไฮ้)
👤 ลูกค้า (Pakasit Wiwekwan): "เริ่มใหม่"
🤖 AI ตอบ: "เซี่ยงไฮ้เป็นเมืองที่มีความหลากหลายและโอกาสทางธุรกิจมากมายค่ะ สำหรับคุณที่อายุ 27 ปีและไม่มีพื้นฐานภาษาจีน มหาวิทยาลัย East China University of Science and Technology (ECUST) มีหลักสูตรที่เหมาะสมคือ:

- **หลักสูตรภาษาจีนปกติ**: 9,800 หยวน (สำหรับ 1 เทอม)

หลักสูตรนี้ช่วยให้คุณเริ่มต้นเรียนรู้ภาษาจีนได้อย่างมีประสิทธิภาพในสภาพแวดล้อมที่สนุกสนานค่ะ

คุณสามารถดูรายละเอียดเพิ่มเติมเกี่ยวกับหลักสูตรนี้ได้ที่ลิงก์ด้านล่างนี้ค่ะ:
- คอร์สทั่วไป: ![คอร์สทั่วไป ECUST](https://raw.githubusercontent.com/pakasit14-Sayfa/shinawatra-chatbot/main/backend-middleware/public/images/china/shanghai/ecust-standard.jpg)

หากมีข้อสงสัยหรือคำถามเพิ่มเติม ยินดีช่วยเหลือค่ะ 😊"
=============================================

[META] 📤 กำลังส่งข้อความ: "เซี่ยงไฮ้เป็นเมืองที่มีความหลากหลายและโอกาสทางธุรก..."
[META] 🖼️ กำลังส่งรูปภาพ (Image Attachment): https://raw.githubusercontent.com/pakasit14-Sayfa/shinawatra-chatbot/main/backend-middleware/public/images/china/shanghai/ecust-standard.jpg
[META] 📤 กำลังส่งข้อความ: "หากมีข้อสงสัยหรือคำถามเพิ่มเติม ยินดีช่วยเหลือค่ะ ..."
[META] ✅ ส่งสำเร็จ

=============================================
📘 แหล่งที่มา: FB เพจที่ 4 (กว่างโจว)
👤 ลูกค้า (Pakasit Wiwekwan): "เริ่มใหม่"
🤖 AI ตอบ: "สวัสดีค่ะ 😊 ขอข้อมูลเบื้องต้นหน่อยนะคะ 
1. อายุเท่าไหร่คะ 
2. มีพื้นฐานภาษาจีนหรือไม่คะ 
3. เคยไปเรียนที่ประเทศจีนมาก่อนไหมคะ 😊"
=============================================

[META] 📤 กำลังส่งข้อความ: "สวัสดีค่ะ 😊 ขอข้อมูลเบื้องต้นหน่อยนะคะ 
1. อายุเท..."
[META] ✅ ส่งสำเร็จ

=============================================
📘 แหล่งที่มา: FB เพจที่ 4 (กว่างโจว)
👤 ลูกค้า (Pakasit Wiwekwan): "19ไม่มีพื้นฐาน และไม่เคยไปจีน"
🤖 AI ตอบ: "สำหรับคุณที่อายุ 19 ปีและไม่มีพื้นฐานภาษาจีน ทางเราขอเสนอคอร์สภาษาจีนปกติ (Standard Chinese) ที่ South China Normal University (SCNU) ในกว่างโจวค่ะ ซึ่งเหมาะสำหรับผู้เริ่มต้นไม่ต้องมีพื้นฐานค่ะ

คอร์สนี้จะช่วยให้คุณเริ่มเรียนรู้ภาษาจีนได้อย่างมีประสิทธิภาพและสนุกสนานค่ะ

นี่คือโบรชัวร์ของคอร์สเรียนที่กว่างโจวค่ะ:

![โบรชัวร์คอร์สเรียนกว่างโจว](https://festivity-willfully-anchor.ngrok-free.dev/images/china/guangzhou/course-brochure.jpg)

หากสนใจหรือมีคำถามเพิ่มเติม สามารถสอบถามได้เลยนะคะ 😊"
=============================================

[META] 📤 กำลังส่งข้อความ: "สำหรับคุณที่อายุ 19 ปีและไม่มีพื้นฐานภาษาจีน ทางเร..."
[META] 🖼️ กำลังส่งรูปภาพ (Image Attachment): https://festivity-willfully-anchor.ngrok-free.dev/images/china/guangzhou/course-brochure.jpg
[FB send error] (#100) อัพโหลดไฟล์แนบไม่สำเร็จ
[META] 📤 กำลังส่งข้อความ: "ดูตารางค่าเทอมได้ที่นี่ค่ะ: https://festivity-will..."
[META] 📤 กำลังส่งข้อความ: "หากสนใจหรือมีคำถามเพิ่มเติม สามารถสอบถามได้เลยนะคะ..."
[META] ✅ ส่งสำเร็จ

=============================================
📘 แหล่งที่มา: FB เพจที่ 4 (กว่างโจว)
👤 ลูกค้า (Pakasit Wiwekwan): "เริ่มใหม่"
🤖 AI ตอบ: "สวัสดีค่ะ 😊 ขอข้อมูลเบื้องต้นหน่อยนะคะ 
1. อายุเท่าไหร่คะ 
2. มีพื้นฐานภาษาจีนหรือไม่คะ 
3. เคยไปเรียนที่ประเทศจีนมาก่อนไหมคะ 😊"
=============================================

[META] 📤 กำลังส่งข้อความ: "สวัสดีค่ะ 😊 ขอข้อมูลเบื้องต้นหน่อยนะคะ 
1. อายุเท..."
[META] ✅ ส่งสำเร็จ

=============================================
📘 แหล่งที่มา: FB เพจที่ 4 (กว่างโจว)
👤 ลูกค้า (Pakasit Wiwekwan): "27 ไม่มีพื้นฐาน และไม่เคยไปจีน"
🤖 AI ตอบ: "สำหรับคุณที่อายุ 27 ปีและไม่มีพื้นฐานภาษาจีน ทางเราขอเสนอคอร์สภาษาจีนปกติ (Standard Chinese) ที่ South China Normal University (SCNU) ในกว่างโจวค่ะ ซึ่งเหมาะสำหรับผู้เริ่มต้นไม่ต้องมีพื้นฐานค่ะ

คอร์สนี้จะช่วยให้คุณเริ่มเรียนรู้ภาษาจีนได้อย่างมีประสิทธิภาพและสนุกสนานค่ะ

นี่คือโบรชัวร์ของคอร์สเรียนที่กว่างโจวค่ะ:

![โบรชัวร์คอร์สเรียนกว่างโจว](https://festivity-willfully-anchor.ngrok-free.dev/images/china/guangzhou/course-brochure.jpg)

หากสนใจหรือมีคำถามเพิ่มเติม สามารถสอบถามได้เลยนะคะ 😊"
=============================================

[META] 📤 กำลังส่งข้อความ: "สำหรับคุณที่อายุ 27 ปีและไม่มีพื้นฐานภาษาจีน ทางเร..."
[META] 🖼️ กำลังส่งรูปภาพ (Image Attachment): https://festivity-willfully-anchor.ngrok-free.dev/images/china/guangzhou/course-brochure.jpg
[FB send error] (#100) อัพโหลดไฟล์แนบไม่สำเร็จ
[META] 📤 กำลังส่งข้อความ: "ดูตารางค่าเทอมได้ที่นี่ค่ะ: https://festivity-will..."
[META] 📤 กำลังส่งข้อความ: "หากสนใจหรือมีคำถามเพิ่มเติม สามารถสอบถามได้เลยนะคะ..."
[META] ✅ ส่งสำเร็จ

=============================================
📘 แหล่งที่มา: FB เพจที่ 4 (กว่างโจว)
👤 ลูกค้า (Pakasit Wiwekwan): "สวัสดีครับ"
🤖 AI ตอบ: "สวัสดีค่ะ 😊 ขอข้อมูลเบื้องต้นหน่อยนะคะ 
1. อายุเท่าไหร่คะ 
2. มีพื้นฐานภาษาจีนหรือไม่คะ 
3. เคยไปเรียนที่ประเทศจีนมาก่อนไหมคะ 😊"
=============================================

[META] 📤 กำลังส่งข้อความ: "สวัสดีค่ะ 😊 ขอข้อมูลเบื้องต้นหน่อยนะคะ 
1. อายุเท..."
[META] ✅ ส่งสำเร็จ

=============================================
📘 แหล่งที่มา: FB เพจที่ 4 (กว่างโจว)
👤 ลูกค้า (Pakasit Wiwekwan): "19ไม่มีพื้นฐาน และไม่เคยไปจีน"
🤖 AI ตอบ: "สำหรับคุณที่อายุ 19 ปีและไม่มีพื้นฐานภาษาจีน ทางเราขอเสนอคอร์สภาษาจีนปกติ (Standard Chinese) ที่ South China Normal University (SCNU) ในกว่างโจวค่ะ ซึ่งเหมาะสำหรับผู้เริ่มต้นไม่ต้องมีพื้นฐานค่ะ

คอร์สนี้จะช่วยให้คุณเริ่มเรียนรู้ภาษาจีนได้อย่างมีประสิทธิภาพและสนุกสนานค่ะ

นี่คือโบรชัวร์ของคอร์สเรียนที่กว่างโจวค่ะ:

![โบรชัวร์คอร์สเรียนกว่างโจว](https://festivity-willfully-anchor.ngrok-free.dev/images/china/guangzhou/course-brochure.jpg)

หากสนใจหรือมีคำถามเพิ่มเติม สามารถสอบถามได้เลยนะคะ 😊"
=============================================

[META] 📤 กำลังส่งข้อความ: "สำหรับคุณที่อายุ 19 ปีและไม่มีพื้นฐานภาษาจีน ทางเร..."
[META] 🖼️ กำลังส่งรูปภาพ (Image Attachment): https://festivity-willfully-anchor.ngrok-free.dev/images/china/guangzhou/course-brochure.jpg
[FB send error] (#100) อัพโหลดไฟล์แนบไม่สำเร็จ
[META] 📤 กำลังส่งข้อความ: "ดูตารางค่าเทอมได้ที่นี่ค่ะ: https://festivity-will..."
[META] 📤 กำลังส่งข้อความ: "หากสนใจหรือมีคำถามเพิ่มเติม สามารถสอบถามได้เลยนะคะ..."
[META] ✅ ส่งสำเร็จ

=============================================
📘 แหล่งที่มา: FB เพจที่ 4 (กว่างโจว)
👤 ลูกค้า (Pakasit Wiwekwan): "สวัสดีครับ"
🤖 AI ตอบ: "ขอโทษค่ะ แต่ต้องขอข้อมูลเบื้องต้นก่อนนะคะ 
1. อายุเท่าไหร่คะ 
2. มีพื้นฐานภาษาจีนหรือไม่คะ 
3. เคยไปเรียนที่ประเทศจีนมาก่อนไหมคะ 😊"
=============================================

[META] 📤 กำลังส่งข้อความ: "ขอโทษค่ะ แต่ต้องขอข้อมูลเบื้องต้นก่อนนะคะ 
1. อายุ..."
[META] ✅ ส่งสำเร็จ

=============================================
📘 แหล่งที่มา: FB เพจที่ 4 (กว่างโจว)
👤 ลูกค้า (Pakasit Wiwekwan): "29 มีพื้นฐาน และเคยไปจีน"
🤖 AI ตอบ: "ขอโทษค่ะ แต่คอร์สที่เรามีในกว่างโจวจะเหมาะสำหรับผู้เริ่มต้นที่ไม่มีพื้นฐานค่ะ หากสนใจสามารถติดต่อเจ้าหน้าที่ Dilion Education ผ่านทาง Line Official Account เพื่อสอบถามข้อมูลเพิ่มเติมได้ค่ะ 😊"
=============================================

[META] 📤 กำลังส่งข้อความ: "ขอโทษค่ะ แต่คอร์สที่เรามีในกว่างโจวจะเหมาะสำหรับผู..."
[META] ✅ ส่งสำเร็จ

=============================================
📘 แหล่งที่มา: FB เพจที่ 4 (กว่างโจว)
👤 ลูกค้า (Pakasit Wiwekwan): "เริ่มใหม่"
🤖 AI ตอบ: "สวัสดีค่ะ 😊 ขอข้อมูลเบื้องต้นหน่อยนะคะ 
1. อายุเท่าไหร่คะ 
2. มีพื้นฐานภาษาจีนหรือไม่คะ 
3. เคยไปเรียนที่ประเทศจีนมาก่อนไหมคะ 😊"
=============================================

[META] 📤 กำลังส่งข้อความ: "สวัสดีค่ะ 😊 ขอข้อมูลเบื้องต้นหน่อยนะคะ 
1. อายุเท..."
[META] ✅ ส่งสำเร็จ

=============================================
📘 แหล่งที่มา: FB เพจที่ 4 (กว่างโจว)
👤 ลูกค้า (Pakasit Wiwekwan): "19ไม่มีพื้นฐาน และไม่เคยไปจีน"
🤖 AI ตอบ: "สำหรับคุณที่อายุ 19 ปีและไม่มีพื้นฐานภาษาจีน ทางเราขอเสนอคอร์สภาษาจีนปกติ (Standard Chinese) ที่ South China Normal University (SCNU) ในกว่างโจวค่ะ ซึ่งเหมาะสำหรับผู้เริ่มต้นไม่ต้องมีพื้นฐานค่ะ

คอร์สนี้จะช่วยให้คุณเริ่มเรียนรู้ภาษาจีนได้อย่างมีประสิทธิภาพและสนุกสนานค่ะ

นี่คือโบรชัวร์ของคอร์สเรียนที่กว่างโจวค่ะ:

![โบรชัวร์คอร์สเรียนกว่างโจว](https://festivity-willfully-anchor.ngrok-free.dev/images/china/guangzhou/course-brochure.jpg)

หากสนใจหรือมีคำถามเพิ่มเติม สามารถสอบถามได้เลยนะคะ 😊"
=============================================

[META] 📤 กำลังส่งข้อความ: "สำหรับคุณที่อายุ 19 ปีและไม่มีพื้นฐานภาษาจีน ทางเร..."
[META] 🖼️ กำลังส่งรูปภาพ (Image Attachment): https://festivity-willfully-anchor.ngrok-free.dev/images/china/guangzhou/course-brochure.jpg
[FB send error] (#100) อัพโหลดไฟล์แนบไม่สำเร็จ
[META] 📤 กำลังส่งข้อความ: "ดูตารางค่าเทอมได้ที่นี่ค่ะ: https://festivity-will..."
[META] 📤 กำลังส่งข้อความ: "หากสนใจหรือมีคำถามเพิ่มเติม สามารถสอบถามได้เลยนะคะ..."
[META] ✅ ส่งสำเร็จ

=============================================
📘 แหล่งที่มา: FB เพจที่ 6 (เซี่ยงไฮ้)
👤 ลูกค้า (Pakasit Wiwekwan): "เริ่มใหม่"
🤖 AI ตอบ: "เซี่ยงไฮ้เป็นเมืองที่มีความหลากหลายและโอกาสทางธุรกิจมากมายค่ะ สำหรับคุณที่อายุ 27 ปีและไม่มีพื้นฐานภาษาจีน มหาวิทยาลัย East China University of Science and Technology (ECUST) มีหลักสูตรที่เหมาะสมคือ:

- **หลักสูตรภาษาจีนปกติ**: 9,800 หยวน (สำหรับ 1 เทอม)

หลักสูตรนี้จะช่วยให้คุณเริ่มต้นเรียนรู้ภาษาจีนได้อย่างมีประสิทธิภาพในสภาพแวดล้อมที่สนุกสนานค่ะ

หากต้องการข้อมูลเพิ่มเติมเกี่ยวกับหลักสูตรนี้หรือมีคำถามอื่นๆ ยินดีให้ความช่วยเหลือค่ะ 😊"
=============================================

[META] 📤 กำลังส่งข้อความ: "เซี่ยงไฮ้เป็นเมืองที่มีความหลากหลายและโอกาสทางธุรก..."
[META] ✅ ส่งสำเร็จ

=============================================
📘 แหล่งที่มา: FB เพจที่ 4 (กว่างโจว)
👤 ลูกค้า (Pakasit Wiwekwan): "สนใจ"
🤖 AI ตอบ: "ขอโทษค่ะ แต่ยังไม่ได้ข้อมูลครบทั้ง 3 ข้อค่ะ ขอข้อมูลเบื้องต้นหน่อยนะคะ 
1. อายุเท่าไหร่คะ 
2. มีพื้นฐานภาษาจีนหรือไม่คะ 
3. เคยไปเรียนที่ประเทศจีนมาก่อนไหมคะ 😊"
=============================================

[META] 📤 กำลังส่งข้อความ: "ขอโทษค่ะ แต่ยังไม่ได้ข้อมูลครบทั้ง 3 ข้อค่ะ ขอข้อม..."
[META] ✅ ส่งสำเร็จ

=============================================
📘 แหล่งที่มา: FB เพจที่ 4 (กว่างโจว)
👤 ลูกค้า (Pakasit Wiwekwan): "19ไม่มีพื้นฐาน และไม่เคยไปจีน"
🤖 AI ตอบ: "สำหรับคุณที่อายุ 19 ปีและไม่มีพื้นฐานภาษาจีน ทางเราขอเสนอคอร์สภาษาจีนปกติ (Standard Chinese) ที่ South China Normal University (SCNU) ในกว่างโจวค่ะ ซึ่งเหมาะสำหรับผู้เริ่มต้นไม่ต้องมีพื้นฐานค่ะ

คอร์สนี้จะช่วยให้คุณเริ่มเรียนรู้ภาษาจีนได้อย่างมีประสิทธิภาพและสนุกสนานค่ะ

นี่คือโบรชัวร์ของคอร์สเรียนที่กว่างโจวค่ะ:

![โบรชัวร์คอร์สเรียนกว่างโจว](https://festivity-willfully-anchor.ngrok-free.dev/images/china/guangzhou/course-brochure.jpg)

หากสนใจหรือมีคำถามเพิ่มเติม สามารถสอบถามได้เลยนะคะ 😊"
=============================================

[META] 📤 กำลังส่งข้อความ: "สำหรับคุณที่อายุ 19 ปีและไม่มีพื้นฐานภาษาจีน ทางเร..."
[META] 🖼️ กำลังส่งรูปภาพ (Image Attachment): https://festivity-willfully-anchor.ngrok-free.dev/images/china/guangzhou/course-brochure.jpg
[FB send error] (#100) อัพโหลดไฟล์แนบไม่สำเร็จ
[META] 📤 กำลังส่งข้อความ: "ดูตารางค่าเทอมได้ที่นี่ค่ะ: https://festivity-will..."
[META] 📤 กำลังส่งข้อความ: "หากสนใจหรือมีคำถามเพิ่มเติม สามารถสอบถามได้เลยนะคะ..."
[META] ✅ ส่งสำเร็จ

=============================================
📘 แหล่งที่มา: FB เพจที่ 6 (เซี่ยงไฮ้)
👤 ลูกค้า (Pakasit Wiwekwan): "สนใจ"
🤖 AI ตอบ: "เซี่ยงไฮ้เป็นเมืองที่มีความหลากหลายและโอกาสทางธุรกิจมากมายค่ะ สำหรับคุณที่อายุ 27 ปีและไม่มีพื้นฐานภาษาจีน มหาวิทยาลัย East China University of Science and Technology (ECUST) มีหลักสูตรที่เหมาะสมคือ:

- **หลักสูตรภาษาจีนปกติ**: 9,800 หยวน (สำหรับ 1 เทอม)

หลักสูตรนี้ออกแบบมาเพื่อช่วยให้ผู้เริ่มต้นสามารถเรียนรู้ภาษาจีนได้อย่างมีประสิทธิภาพในสภาพแวดล้อมที่สนุกสนานค่ะ

คุณสามารถดูรายละเอียดเพิ่มเติมเกี่ยวกับหลักสูตรนี้ได้ที่ลิงก์ด้านล่างนี้ค่ะ:
- คอร์สทั่วไป: ![คอร์สทั่วไป ECUST](https://raw.githubusercontent.com/pakasit14-Sayfa/shinawatra-chatbot/main/backend-middleware/public/images/china/shanghai/ecust-standard.jpg)

ถ้ามีข้อสงสัยหรือคำถามเพิ่มเติม ยินดีช่วยเหลือค่ะ 😊"
=============================================

[META] 📤 กำลังส่งข้อความ: "เซี่ยงไฮ้เป็นเมืองที่มีความหลากหลายและโอกาสทางธุรก..."
[META] 🖼️ กำลังส่งรูปภาพ (Image Attachment): https://raw.githubusercontent.com/pakasit14-Sayfa/shinawatra-chatbot/main/backend-middleware/public/images/china/shanghai/ecust-standard.jpg
[META] 📤 กำลังส่งข้อความ: "ถ้ามีข้อสงสัยหรือคำถามเพิ่มเติม ยินดีช่วยเหลือค่ะ ..."
[META] ✅ ส่งสำเร็จ

=============================================
📘 แหล่งที่มา: FB เพจที่ 6 (เซี่ยงไฮ้)
👤 ลูกค้า (Pakasit Wiwekwan): "ถ้าสมัคร ต้องทำยังไง ครับ"
🤖 AI ตอบ: "สำหรับการสมัครเรียนภาษาจีนที่มหาวิทยาลัย East China University of Science and Technology (ECUST) ในเซี่ยงไฮ้ คุณสามารถทำตามขั้นตอนดังนี้ค่ะ:

1. **เตรียมเอกสาร**: คุณจะต้องเตรียมเอกสารต่างๆ เช่น สำเนาบัตรประชาชนหรือพาสปอร์ต, รูปถ่าย, และเอกสารการศึกษา
2. **กรอกใบสมัคร**: คุณสามารถกรอกใบสมัครออนไลน์ผ่านเว็บไซต์ของมหาวิทยาลัย หรือผ่านทาง Dilion Education
3. **ชำระค่าธรรมเนียม**: หลังจากกรอกใบสมัครแล้ว คุณจะต้องชำระค่าธรรมเนียมการสมัคร
4. **รอผลการอนุมัติ**: หลังจากส่งเอกสารและใบสมัครแล้ว คุณจะต้องรอผลการอนุมัติจากทางมหาวิทยาลัย

หากต้องการรายละเอียดเพิ่มเติมหรือช่วยในการสมัคร สามารถติดต่อเจ้าหน้าที่ Dilion Education ได้ค่ะ 😊"
=============================================

[META] 📤 กำลังส่งข้อความ: "สำหรับการสมัครเรียนภาษาจีนที่มหาวิทยาลัย East Chin..."
[META] ✅ ส่งสำเร็จ

=============================================
📘 แหล่งที่มา: FB เพจที่ 6 (เซี่ยงไฮ้)
👤 ลูกค้า (Pakasit Wiwekwan): "ติดต่อเจ้าหน้าที่ ครับ"
🤖 AI ตอบ: "ติดต่อแอดมินค่ะ"
=============================================

[META] 📤 กำลังส่งข้อความ: "ติดต่อแอดมินค่ะ"
[META] ✅ ส่งสำเร็จ

=============================================
📘 แหล่งที่มา: FB เพจที่ 4 (กว่างโจว)
👤 ลูกค้า (Yuu Storyy): "สวัสดีครับ สอบถามเรียนจีนที่กว่างโจวครับ"
🤖 AI ตอบ: "สวัสดีค่ะ 😊 ขอข้อมูลเบื้องต้นหน่อยค่ะ
- อายุเท่าไหร่คะ
- มีพื้นฐานภาษาจีนหรือไม่คะ
- เคยไปเรียนที่ประเทศจีนมาก่อนไหมคะ 😊"
=============================================

[META] 📤 กำลังส่งข้อความ: "สวัสดีค่ะ 😊 ขอข้อมูลเบื้องต้นหน่อยค่ะ
- อายุเท่าไ..."
[META] ✅ ส่งสำเร็จ

=============================================
📘 แหล่งที่มา: FB เพจที่ 4 (กว่างโจว)
👤 ลูกค้า (Yuu Storyy): "25 / ไม่มีครับ / ไม่เคยครับ"
🤖 AI ตอบ: "ทางพี่จะมีการทำความร่วมมือกับมหาวิทยาลัยในประเทศจีนดังนี้ค่ะ 
• กว่างโจว
• เวยไห่
• เซี่ยงไห่
• ฮาร์บิน
สนใจเรียนเมืองไหนดีค่ะ"
=============================================

[META] 📤 กำลังส่งข้อความ: "ทางพี่จะมีการทำความร่วมมือกับมหาวิทยาลัยในประเทศจี..."
[META] ✅ ส่งสำเร็จ

=============================================
📘 แหล่งที่มา: FB เพจที่ 4 (กว่างโจว)
👤 ลูกค้า (Yuu Storyy): "กว่างโจวครับ"
🤖 AI ตอบ: "ขอบคุณที่เลือกกว่างโจวค่ะ 😊 สำหรับอายุ 25 ปีและไม่มีพื้นฐานภาษาจีน ทางเรามีคอร์สที่เหมาะสมกับคุณคือ:

1. **South China Normal University (SCNU)** - คอร์ส 1 เทอม (ประมาณ 4 เดือน) 
   ![รายละเอียด SCNU 1 เทอม](https://raw.githubusercontent.com/pakasit14-Sayfa/shinawatra-chatbot/main/backend-middleware/public/images/china/guangzhou/scnu-1-term.jpg)

2. **Guangdong Teachers College of Foreign Language and Arts (GTC)** - คอร์ส 1 เทอม (ประมาณ 4 เดือน)
   ![รายละเอียด GTC 1 เทอม](https://raw.githubusercontent.com/pakasit14-Sayfa/shinawatra-chatbot/main/backend-middleware/public/images/china/guangzhou/gtc-1-term.jpg)

สนใจคอร์สไหนเพิ่มเติมหรือมีคำถามอะไรค่ะ? 😊"
=============================================

[META] 📤 กำลังส่งข้อความ: "ขอบคุณที่เลือกกว่างโจวค่ะ 😊 สำหรับอายุ 25 ปีและไม..."
[META] 🖼️ กำลังส่งรูปภาพ (Image Attachment): https://raw.githubusercontent.com/pakasit14-Sayfa/shinawatra-chatbot/main/backend-middleware/public/images/china/guangzhou/scnu-1-term.jpg
[META] 📤 กำลังส่งข้อความ: "2. **Guangdong Teachers College of Foreign Languag..."
[META] 🖼️ กำลังส่งรูปภาพ (Image Attachment): https://raw.githubusercontent.com/pakasit14-Sayfa/shinawatra-chatbot/main/backend-middleware/public/images/china/guangzhou/gtc-1-term.jpg
[META] 📤 กำลังส่งข้อความ: "สนใจคอร์สไหนเพิ่มเติมหรือมีคำถามอะไรค่ะ? 😊"
[META] ✅ ส่งสำเร็จ

=============================================
📘 แหล่งที่มา: FB เพจที่ 4 (กว่างโจว)
👤 ลูกค้า (Yuu Storyy): "สนใจคอร์ส 1 ปีด้วยครับ พอดีอยากเทียบราคาครับ"
🤖 AI ตอบ: "สำหรับคอร์ส 1 ปีในกว่างโจว ทางเราจะต้องขออภัยค่ะ เนื่องจากคุณไม่มีพื้นฐานภาษาจีน ซึ่งคอร์ส 1 ปีมักจะมีการตั้งเงื่อนไขขั้นต่ำในการเรียนภาษาจีนที่สูงขึ้นค่ะ

หากคุณสนใจเรียนในระยะสั้นก่อน เช่น คอร์ส 1 เทอม (ประมาณ 4 เดือน) ที่แนะนำไปก่อนหน้านี้ ก็จะเป็นทางเลือกที่ดีสำหรับการเริ่มต้นค่ะ

หากมีคำถามเพิ่มเติมหรือต้องการข้อมูลเพิ่มเติมเกี่ยวกับคอร์ส 1 เทอม หรือทางเลือกอื่น ๆ ก็สอบถามได้เลยนะคะ 😊"
=============================================

[META] 📤 กำลังส่งข้อความ: "สำหรับคอร์ส 1 ปีในกว่างโจว ทางเราจะต้องขออภัยค่ะ เ..."
[META] ✅ ส่งสำเร็จ

=============================================
📘 แหล่งที่มา: FB เพจที่ 4 (กว่างโจว)
👤 ลูกค้า (Yuu Storyy): "อยากได้ข้อมูล 1 ปีไว้ก่อนครับ"
🤖 AI ตอบ: "ขอโทษค่ะ แต่คอร์ส 1 ปีในกว่างโจวไม่เหมาะสมกับคุณที่ไม่มีพื้นฐานภาษาจีนค่ะ ขอแนะนำให้เริ่มจากคอร์ส 1 เทอม (ประมาณ 4 เดือน) ที่เหมาะสมกับคุณก่อนค่ะ 

หากคุณต้องการข้อมูลเพิ่มเติมเกี่ยวกับคอร์ส 1 เทอม หรือมีคำถามอื่น ๆ สามารถสอบถามได้เลยนะคะ 😊"
=============================================

[META] 📤 กำลังส่งข้อความ: "ขอโทษค่ะ แต่คอร์ส 1 ปีในกว่างโจวไม่เหมาะสมกับคุณที..."
[META] ✅ ส่งสำเร็จ

=============================================
📘 แหล่งที่มา: FB เพจที่ 4 (กว่างโจว)
👤 ลูกค้า (Pakasit Wiwekwan): "เริ่มใหม่"
🤖 AI ตอบ: "สวัสดีค่ะ 😊 ขอข้อมูลเบื้องต้นหน่อยนะคะ 
1. อายุเท่าไหร่คะ 
2. มีพื้นฐานภาษาจีนหรือไม่คะ 
3. เคยไปเรียนที่ประเทศจีนมาก่อนไหมคะ 😊"
=============================================

[META] 📤 กำลังส่งข้อความ: "สวัสดีค่ะ 😊 ขอข้อมูลเบื้องต้นหน่อยนะคะ 
1. อายุเท..."
[META] ✅ ส่งสำเร็จ

=============================================
📘 แหล่งที่มา: FB เพจที่ 4 (กว่างโจว)
👤 ลูกค้า (Pakasit Wiwekwan): "19ไม่มีพื้นฐาน และไม่เคยไปจีน"
🤖 AI ตอบ: "สำหรับคุณที่อายุ 19 ปีและไม่มีพื้นฐานภาษาจีน ทางเราขอเสนอคอร์สภาษาจีนปกติ (Standard Chinese) ที่ South China Normal University (SCNU) ในกว่างโจวค่ะ ซึ่งเหมาะสำหรับผู้เริ่มต้นไม่ต้องมีพื้นฐานค่ะ

คอร์สนี้จะช่วยให้คุณเริ่มเรียนรู้ภาษาจีนได้อย่างมีประสิทธิภาพและสนุกสนานค่ะ

หากสนใจสามารถสอบถามรายละเอียดเพิ่มเติมได้นะคะ 😊"
=============================================

[META] 📤 กำลังส่งข้อความ: "สำหรับคุณที่อายุ 19 ปีและไม่มีพื้นฐานภาษาจีน ทางเร..."
[META] ✅ ส่งสำเร็จ

=============================================
📘 แหล่งที่มา: FB เพจที่ 4 (กว่างโจว)
👤 ลูกค้า (Pakasit Wiwekwan): "ใสใจครับ"
🤖 AI ตอบ: "ขอโทษค่ะ แต่ยังไม่ได้ข้อมูลครบทั้ง 3 ข้อค่ะ ขอข้อมูลเบื้องต้นหน่อยนะคะ 
1. อายุเท่าไหร่คะ 
2. มีพื้นฐานภาษาจีนหรือไม่คะ 
3. เคยไปเรียนที่ประเทศจีนมาก่อนไหมคะ 😊"
=============================================

[META] 📤 กำลังส่งข้อความ: "ขอโทษค่ะ แต่ยังไม่ได้ข้อมูลครบทั้ง 3 ข้อค่ะ ขอข้อม..."
[META] ✅ ส่งสำเร็จ

=============================================
📘 แหล่งที่มา: FB เพจที่ 4 (กว่างโจว)
👤 ลูกค้า (Pakasit Wiwekwan): "สนใจ"
🤖 AI ตอบ: "ขอโทษค่ะ แต่ยังไม่ได้ข้อมูลครบทั้ง 3 ข้อค่ะ ขอข้อมูลเบื้องต้นหน่อยนะคะ 
1. อายุเท่าไหร่คะ 
2. มีพื้นฐานภาษาจีนหรือไม่คะ 
3. เคยไปเรียนที่ประเทศจีนมาก่อนไหมคะ 😊"
=============================================

[META] 📤 กำลังส่งข้อความ: "ขอโทษค่ะ แต่ยังไม่ได้ข้อมูลครบทั้ง 3 ข้อค่ะ ขอข้อม..."
[META] ✅ ส่งสำเร็จ

=============================================
📘 แหล่งที่มา: FB เพจที่ 4 (กว่างโจว)
👤 ลูกค้า (Pakasit Wiwekwan): "19ไม่มีพื้นฐาน และไม่เคยไปจีน"
🤖 AI ตอบ: "สำหรับคุณที่อายุ 19 ปีและไม่มีพื้นฐานภาษาจีน ทางเราขอเสนอคอร์สภาษาจีนปกติ (Standard Chinese) ที่ South China Normal University (SCNU) ในกว่างโจวค่ะ ซึ่งเหมาะสำหรับผู้เริ่มต้นไม่ต้องมีพื้นฐานค่ะ

คอร์สนี้จะช่วยให้คุณเริ่มเรียนรู้ภาษาจีนได้อย่างมีประสิทธิภาพและสนุกสนานค่ะ

หากสนใจสามารถสอบถามรายละเอียดเพิ่มเติมได้นะคะ 😊"
=============================================

[META] 📤 กำลังส่งข้อความ: "สำหรับคุณที่อายุ 19 ปีและไม่มีพื้นฐานภาษาจีน ทางเร..."
[META] ✅ ส่งสำเร็จ

=============================================
📘 แหล่งที่มา: FB เพจที่ 4 (กว่างโจว)
👤 ลูกค้า (Pakasit Wiwekwan): "สนใจ"
🤖 AI ตอบ: "ขอโทษค่ะ แต่ยังไม่ได้ข้อมูลครบทั้ง 3 ข้อค่ะ ขอข้อมูลเบื้องต้นหน่อยนะคะ 
1. อายุเท่าไหร่คะ 
2. มีพื้นฐานภาษาจีนหรือไม่คะ 
3. เคยไปเรียนที่ประเทศจีนมาก่อนไหมคะ 😊"
=============================================

[META] 📤 กำลังส่งข้อความ: "ขอโทษค่ะ แต่ยังไม่ได้ข้อมูลครบทั้ง 3 ข้อค่ะ ขอข้อม..."
[META] ✅ ส่งสำเร็จ

=============================================
📘 แหล่งที่มา: FB เพจที่ 4 (กว่างโจว)
👤 ลูกค้า (Pakasit Wiwekwan): "ขอรายละเอียดหน่อย"
🤖 AI ตอบ: "ขอโทษค่ะ แต่ยังไม่ได้ข้อมูลครบทั้ง 3 ข้อค่ะ ขอข้อมูลเบื้องต้นหน่อยนะคะ 
1. อายุเท่าไหร่คะ 
2. มีพื้นฐานภาษาจีนหรือไม่คะ 
3. เคยไปเรียนที่ประเทศจีนมาก่อนไหมคะ 😊"
=============================================

[META] 📤 กำลังส่งข้อความ: "ขอโทษค่ะ แต่ยังไม่ได้ข้อมูลครบทั้ง 3 ข้อค่ะ ขอข้อม..."
[META] ✅ ส่งสำเร็จ

=============================================
📘 แหล่งที่มา: FB เพจที่ 4 (กว่างโจว)
👤 ลูกค้า (Pakasit Wiwekwan): "ขอรายละเอียด"
🤖 AI ตอบ: "ขอโทษค่ะ แต่ยังไม่ได้ข้อมูลครบทั้ง 3 ข้อค่ะ ขอข้อมูลเบื้องต้นหน่อยนะคะ 
1. อายุเท่าไหร่คะ 
2. มีพื้นฐานภาษาจีนหรือไม่คะ 
3. เคยไปเรียนที่ประเทศจีนมาก่อนไหมคะ 😊"
=============================================

[META] 📤 กำลังส่งข้อความ: "ขอโทษค่ะ แต่ยังไม่ได้ข้อมูลครบทั้ง 3 ข้อค่ะ ขอข้อม..."
[META] ✅ ส่งสำเร็จ

=============================================
📘 แหล่งที่มา: FB เพจที่ 4 (กว่างโจว)
👤 ลูกค้า (Pakasit Wiwekwan): "ขอรายละเอียด"
🤖 AI ตอบ: "ขอโทษค่ะ แต่ยังไม่ได้ข้อมูลครบทั้ง 3 ข้อค่ะ ขอข้อมูลเบื้องต้นหน่อยนะคะ 
1. อายุเท่าไหร่คะ 
2. มีพื้นฐานภาษาจีนหรือไม่คะ 
3. เคยไปเรียนที่ประเทศจีนมาก่อนไหมคะ 😊"
=============================================

[META] 📤 กำลังส่งข้อความ: "ขอโทษค่ะ แต่ยังไม่ได้ข้อมูลครบทั้ง 3 ข้อค่ะ ขอข้อม..."
[META] ✅ ส่งสำเร็จ

=============================================
📘 แหล่งที่มา: FB เพจที่ 4 (กว่างโจว)
👤 ลูกค้า (Pakasit Wiwekwan): "เริ่มใหม่"
🤖 AI ตอบ: "สวัสดีค่ะ 😊 ขอข้อมูลเบื้องต้นหน่อยนะคะ 
1. อายุเท่าไหร่คะ 
2. มีพื้นฐานภาษาจีนหรือไม่คะ 
3. เคยไปเรียนที่ประเทศจีนมาก่อนไหมคะ 😊"
=============================================

[META] 📤 กำลังส่งข้อความ: "สวัสดีค่ะ 😊 ขอข้อมูลเบื้องต้นหน่อยนะคะ 
1. อายุเท..."
[META] ✅ ส่งสำเร็จ

=============================================
📘 แหล่งที่มา: FB เพจที่ 4 (กว่างโจว)
👤 ลูกค้า (Pakasit Wiwekwan): "19 มีพื้นฐาน และเคยไปจีน"
🤖 AI ตอบ: "สำหรับคุณที่อายุ 19 ปี มีพื้นฐานภาษาจีนและเคยไปจีน ทางเราขอเสนอคอร์สภาษาจีนเร่งรัด (Intensive Chinese) ที่ South China Normal University (SCNU) ในกว่างโจวค่ะ ซึ่งเหมาะสำหรับผู้ที่มีพื้นฐานภาษาจีนอยู่แล้วค่ะ

คอร์สนี้จะช่วยให้คุณพัฒนาทักษะภาษาจีนได้อย่างรวดเร็วและมีประสิทธิภาพค่ะ

หากสนใจสามารถสอบถามรายละเอียดเพิ่มเติมได้นะคะ 😊"
=============================================

[META] 📤 กำลังส่งข้อความ: "สำหรับคุณที่อายุ 19 ปี มีพื้นฐานภาษาจีนและเคยไปจีน..."
[META] ✅ ส่งสำเร็จ

=============================================
📘 แหล่งที่มา: FB เพจที่ 4 (กว่างโจว)
👤 ลูกค้า (Pakasit Wiwekwan): "สนใจ"
🤖 AI ตอบ: "ขอโทษค่ะ แต่ยังไม่ได้ข้อมูลครบทั้ง 3 ข้อค่ะ ขอข้อมูลเบื้องต้นหน่อยนะคะ 
1. อายุเท่าไหร่คะ 
2. มีพื้นฐานภาษาจีนหรือไม่คะ 
3. เคยไปเรียนที่ประเทศจีนมาก่อนไหมคะ 😊"
=============================================

[META] 📤 กำลังส่งข้อความ: "ขอโทษค่ะ แต่ยังไม่ได้ข้อมูลครบทั้ง 3 ข้อค่ะ ขอข้อม..."
[META] ✅ ส่งสำเร็จ

=============================================
📘 แหล่งที่มา: FB เพจที่ 4 (กว่างโจว)
👤 ลูกค้า (Pakasit Wiwekwan): "สนใจ"
🤖 AI ตอบ: "ขอโทษค่ะ แต่ยังไม่ได้ข้อมูลครบทั้ง 3 ข้อค่ะ ขอข้อมูลเบื้องต้นหน่อยนะคะ 
1. อายุเท่าไหร่คะ 
2. มีพื้นฐานภาษาจีนหรือไม่คะ 
3. เคยไปเรียนที่ประเทศจีนมาก่อนไหมคะ 😊"
=============================================

[META] 📤 กำลังส่งข้อความ: "ขอโทษค่ะ แต่ยังไม่ได้ข้อมูลครบทั้ง 3 ข้อค่ะ ขอข้อม..."
[META] ✅ ส่งสำเร็จ

=============================================
📘 แหล่งที่มา: FB เพจที่ 4 (กว่างโจว)
👤 ลูกค้า (Pakasit Wiwekwan): "19 มีพื้นฐาน และเคยไปจีน"
🤖 AI ตอบ: "สำหรับคุณที่อายุ 19 ปี มีพื้นฐานภาษาจีนและเคยไปจีน ทางเราขอเสนอคอร์สภาษาจีนเร่งรัด (Intensive Chinese) ที่ South China Normal University (SCNU) ในกว่างโจวค่ะ ซึ่งเหมาะสำหรับผู้ที่มีพื้นฐานภาษาจีนอยู่แล้วค่ะ

คอร์สนี้จะช่วยให้คุณพัฒนาทักษะภาษาจีนได้อย่างรวดเร็วและมีประสิทธิภาพค่ะ

หากสนใจสามารถสอบถามรายละเอียดเพิ่มเติมได้นะคะ 😊"
=============================================

[META] 📤 กำลังส่งข้อความ: "สำหรับคุณที่อายุ 19 ปี มีพื้นฐานภาษาจีนและเคยไปจีน..."
[META] ✅ ส่งสำเร็จ

=============================================
📘 แหล่งที่มา: FB เพจที่ 4 (กว่างโจว)
👤 ลูกค้า (Pakasit Wiwekwan): "สนใจ"
🤖 AI ตอบ: "ขอโทษค่ะ แต่ยังไม่ได้ข้อมูลครบทั้ง 3 ข้อค่ะ ขอข้อมูลเบื้องต้นหน่อยนะคะ 
1. อายุเท่าไหร่คะ 
2. มีพื้นฐานภาษาจีนหรือไม่คะ 
3. เคยไปเรียนที่ประเทศจีนมาก่อนไหมคะ 😊"
=============================================

[META] 📤 กำลังส่งข้อความ: "ขอโทษค่ะ แต่ยังไม่ได้ข้อมูลครบทั้ง 3 ข้อค่ะ ขอข้อม..."
[META] ✅ ส่งสำเร็จ
[Dify Error] {
  code: 'invalid_param',
  message: 'Run failed: Variable #conversation.info_complete# not found',
  status: 400
}
[META Error] Request failed with status code 400
