2026-06-15 14:16:20: 🚀 Webhook Server is running on port 3000
2026-06-15 14:19:06: 🚀 Webhook Server is running on port 3000
2026-06-15 14:19:26: 
2026-06-15 14:19:26: [META] 📩 "เห็นเขาบอกเลือก 4 ปีครับ"
2026-06-15 14:19:41: 
2026-06-15 14:19:41: [LINE] 📩 "สวัสดี"
2026-06-15 14:21:41: 🚀 Webhook Server is running on port 3000
2026-06-15 14:21:57: 
2026-06-15 14:21:57: [LINE] 📩 "สวัสดี"
2026-06-15 14:22:05: [Dify] ✅ ตอบ: "สวัสดีค่ะ ปัจจุบันหลักสูตรปริญญาตรี (เรียนออนไลน์ เสาร์-อาทิตย์) เปิดรับสมัคร 3 ..."
2026-06-15 14:22:05: [LINE] ✅ ส่ง 1 bubbles สำเร็จ
2026-06-15 14:22:19: 🚀 Webhook Server is running on port 3000
2026-06-15 14:22:42: 🚀 Webhook Server is running on port 3000
2026-06-15 14:23:58: 
2026-06-15 14:23:58: [LINE] 📩 "ป.โท"
2026-06-15 14:24:02: [Dify] ✅ ตอบ: "สวัสดีค่ะ ปัจจุบันหลักสูตรปริญญาโทเปิดรับสมัครสาขาบริหารการศึกษาอยู่นะคะ
2026-06-15 14:24:02: ขออนุญา..."
2026-06-15 14:24:02: [LINE] ✅ ส่ง 1 bubbles สำเร็จ
2026-06-15 14:25:37: 
2026-06-15 14:25:37: [LINE] 📩 "มีครับ "
2026-06-15 14:25:43: [Dify] ✅ ตอบ: "อาจารย์ส่งรายละเอียดและตารางการผ่อนชำระให้นะคะ
2026-06-15 14:25:43: 
2026-06-15 14:25:43: หลักสูตรปริญญาโท ศึกษาศาสตรมหาบั..."
2026-06-15 14:25:44: [LINE] ✅ ส่ง 3 bubbles สำเร็จ
2026-06-15 14:27:01: 
2026-06-15 14:27:01: [LINE] 📩 "สนใจสมัครครับ"
2026-06-15 14:27:05: [Dify] ✅ ตอบ: "อาจารย์ส่งรายละเอียดและตารางการผ่อนชำระให้นะคะ
2026-06-15 14:27:05: 
2026-06-15 14:27:05: หลักสูตรปริญญาโท ศึกษาศาสตรมหาบั..."
2026-06-15 14:27:06: [LINE] ✅ ส่ง 3 bubbles สำเร็จ
2026-06-15 14:27:21: 
2026-06-15 14:27:21: [LINE] 📩 "ขอฟอร์มสมัครครับ"
2026-06-15 14:27:25: [Dify] ✅ ตอบ: "อาจารย์ส่งรายละเอียดและตารางการผ่อนชำระให้นะคะ
2026-06-15 14:27:25: 
2026-06-15 14:27:25: หลักสูตรปริญญาโท ศึกษาศาสตรมหาบั..."
2026-06-15 14:27:25: [LINE] ✅ ส่ง 3 bubbles สำเร็จ
2026-06-15 14:54:09: 🚀 Webhook Server is running on port 3000
2026-06-15 14:56:15: 🚀 Webhook Server is running on port 3000
2026-06-15 14:58:25: 
2026-06-15 14:58:25: [LINE] 📩 "สนใจ "
2026-06-15 14:58:34: [Dify] ✅ ตอบ: "สวัสดีค่ะ ปัจจุบันหลักสูตรปริญญาตรี (เรียนออนไลน์ เสาร์-อาทิตย์) เปิดรับสมัคร 3 ..."
2026-06-15 14:58:34: [LINE] ✅ ส่ง 1 bubbles สำเร็จ
2026-06-15 14:58:47: 
2026-06-15 14:58:47: [LINE] 📩 "นิติ "
2026-06-15 14:58:47: 
2026-06-15 14:58:47: [META] 📩 "ครับขอบคุณครับ | อาจารย์ปุ๋ม ยังไม่ตอบครับ | ครับขอบคุณครับ"
2026-06-15 14:58:52: [Dify] ✅ ตอบ: "เพื่อที่อาจารย์จะคำนวณระยะเวลาเรียนและสิทธิ์เทียบโอนให้ได้อย่างแม่นยำ รบกวนแจ้งว..."
2026-06-15 14:58:52: [LINE] ✅ ส่ง 1 bubbles สำเร็จ
2026-06-15 14:58:55: [Dify] ✅ ตอบ: "อาจารย์ไม่แน่ใจว่านักศึกษาต้องการสอบถามข้อมูลส่วนใด รบกวนพิมพ์ข้อความใหม่อีกครั้..."
2026-06-15 14:58:56: [META] ✅ ส่งสำเร็จ
2026-06-15 14:59:11: 
2026-06-15 14:59:11: [LINE] 📩 "ขอดูราคาผ่อน "
2026-06-15 14:59:17: [Dify] ✅ ตอบ: "เรื่องค่าใช้จ่ายขึ้นอยู่กับสิทธิ์เทียบโอนของแต่ละท่านค่ะ อาจารย์ขอทราบข้อมูลเบื้..."
2026-06-15 14:59:18: [LINE] ✅ ส่ง 1 bubbles สำเร็จ
2026-06-15 14:59:33: 
2026-06-15 14:59:33: [LINE] 📩 "ปวช. "
2026-06-15 14:59:38: [Dify] ✅ ตอบ: "รบกวนแจ้งข้อมูลเพิ่มเติมอีก 2 ข้อด้วยนะคะ คือ ปัจจุบันประกอบอาชีพอะไร และประสบกา..."
2026-06-15 14:59:38: [LINE] ✅ ส่ง 1 bubbles สำเร็จ
2026-06-15 15:00:04: 
2026-06-15 15:00:04: [LINE] 📩 "เป็นครู มา7ปี "
2026-06-15 15:00:12: [Dify] ✅ ตอบ: "ขอบคุณสำหรับข้อมูลครบถ้วนค่ะ
2026-06-15 15:00:12: 
2026-06-15 15:00:12: นักศึกษาสามารถนำวุฒิและประสบการณ์ทำงานมาลดระยะเวลา..."
2026-06-15 15:00:12: [LINE] ✅ ส่ง 3 bubbles สำเร็จ
2026-06-15 15:00:57: 
2026-06-15 15:00:57: [LINE] 📩 "สนใจ "
2026-06-15 15:01:01: [Dify] ✅ ตอบ: "ขอบคุณค่ะ อาจารย์จะส่งแบบฟอร์มสมัครเรียนและรายละเอียดช่องทางชำระเงินให้ทันทีนะคะ..."
2026-06-15 15:01:01: [LINE] ✅ ส่ง 2 bubbles สำเร็จ
2026-06-15 15:12:37: 🚀 Webhook Server is running on port 3000
2026-06-15 15:12:57: 🚀 Webhook Server is running on port 3000
2026-06-15 15:41:05: 
2026-06-15 15:41:05: [META] 📩 "ผมสนใจสมัครเรียนนะครับแต่ขอปรึกษาเยอะหน่อย | นิติเทอม 1 เรียนออนไลน์ไม่มีออนไซด์เลยหรือเปล่าครับ ผมอยู่กรุงเทพ ถ้ารู้ตารางว่าต้องไปพิษณุโลกจะได้วางตารางถูกครับ"
2026-06-15 15:41:10: 
2026-06-15 15:41:10: [META] 📩 "สนใจครับ"
2026-06-15 15:41:14: [Dify] ✅ ตอบ: "รูปแบบการเรียนการสอบของสาขานิติศาสตร์จะเป็นระบบออนไลน์ (Online) 100% ค่ะ เรียนผ่..."
2026-06-15 15:41:15: [Dify] ✅ ตอบ: "สวัสดีค่ะ ปัจจุบันหลักสูตรปริญญาตรี (เรียนออนไลน์ เสาร์-อาทิตย์) เปิดรับสมัคร 3 ..."
2026-06-15 15:41:17: [META] ✅ ส่งสำเร็จ
2026-06-15 15:41:17: [META] ✅ ส่งสำเร็จ
2026-06-15 15:41:50: 
2026-06-15 15:41:50: [META] 📩 "สนใจ | สวัสดี | สนใจ"
2026-06-15 15:41:56: 
2026-06-15 15:41:56: [LINE] 📩 "สนใจครับ "
2026-06-15 15:41:57: [Dify] ✅ ตอบ: "สวัสดีค่ะ ปัจจุบันหลักสูตรปริญญาตรี (เรียนออนไลน์ เสาร์-อาทิตย์) เปิดรับสมัคร 3 ..."
2026-06-15 15:41:58: [META] ✅ ส่งสำเร็จ
2026-06-15 15:42:01: [Dify] ✅ ตอบ: "สวัสดีค่ะ ปัจจุบันหลักสูตรปริญญาตรี (เรียนออนไลน์ เสาร์-อาทิตย์) เปิดรับสมัคร 3 ..."
2026-06-15 15:42:01: [LINE] ✅ ส่ง 1 bubbles สำเร็จ
2026-06-15 15:42:08: 
2026-06-15 15:42:08: [LINE] 📩 "สนใจครับ"
2026-06-15 15:42:15: [Dify] ✅ ตอบ: "สวัสดีค่ะ ปัจจุบันหลักสูตรปริญญาตรี (เรียนออนไลน์ เสาร์-อาทิตย์) เปิดรับสมัคร 3 ..."
2026-06-15 15:42:15: [LINE] ✅ ส่ง 1 bubbles สำเร็จ
2026-06-15 15:45:16: 
2026-06-15 15:45:16: [LINE] 📩 "สนใจสาขานิติ "
2026-06-15 15:45:20: [Dify] ✅ ตอบ: "ขอบคุณที่แจ้งสาขาที่สนใจค่ะ เพื่อที่อาจารย์จะคำนวณระยะเวลาเรียนและสิทธิ์เทียบโอน..."
2026-06-15 15:45:21: [LINE] ✅ ส่ง 1 bubbles สำเร็จ
2026-06-15 15:46:28: 
2026-06-15 15:46:28: [LINE] 📩 "กศน "
2026-06-15 15:46:32: [Dify] ✅ ตอบ: "ขอบคุณค่ะ ได้รับข้อมูลวุฒิ กศน. แล้วนะคะ เพื่อที่อาจารย์จะคำนวณระยะเวลาเรียนและส..."
2026-06-15 15:46:33: [LINE] ✅ ส่ง 1 bubbles สำเร็จ
2026-06-15 15:47:05: 
2026-06-15 15:47:05: [LINE] 📩 "ครับ"
2026-06-15 15:47:09: [Dify] ✅ ตอบ: "เพื่อที่อาจารย์จะคำนวณระยะเวลาเรียนและสิทธิ์เทียบโอนให้ได้อย่างแม่นยำ รบกวนแจ้งอ..."
2026-06-15 15:47:09: [LINE] ✅ ส่ง 1 bubbles สำเร็จ
2026-06-15 15:47:43: 
2026-06-15 15:47:43: [LINE] 📩 "สนใจ "
2026-06-15 15:47:48: [Dify] ✅ ตอบ: "ขออนุญาตรบกวนแจ้งข้อมูลอาชีพปัจจุบัน และประสบการณ์การทำงานประมาณกี่ปีเพิ่มเติมด้..."
2026-06-15 15:47:49: [LINE] ✅ ส่ง 1 bubbles สำเร็จ
2026-06-15 15:49:40: 🚀 Webhook Server is running on port 3000
2026-06-15 16:04:50: 🚀 Webhook Server is running on port 3000
2026-06-15 16:05:48: 
2026-06-15 16:05:48: [META] 📩 "ทักค่ะ"
2026-06-15 16:06:10: 
2026-06-15 16:06:10: [META] 📩 "ถ้าเลือกเรียนคณะใดคณะหนึ่งไม่ต้องไปเรียนใช่ไหมคะ"
2026-06-15 16:07:04: 
2026-06-15 16:07:04: [META] 📩 "นิติครับ"
2026-06-15 16:07:09: 
2026-06-15 16:07:09: [LINE] 📩 "สนใจ "
2026-06-15 16:07:33: [handoff] 🔒 ล็อกแชท meta:36132380839739400 (แอดมินเข้าดูแล) บอทหยุดตอบ
2026-06-15 16:07:34: [handoff] 🔓 ปลดล็อกแชท meta:36132380839739400 บอทกลับมาทำงาน
2026-06-15 16:07:54: 
2026-06-15 16:07:54: [META] 📩 "นิติครับ"
2026-06-15 16:08:00: [handoff] 🔒 ล็อกแชท meta:36132380839739400 (แอดมินเข้าดูแล) บอทหยุดตอบ
2026-06-15 16:08:09: [handoff] 🔓 ปลดล็อกแชท meta:36132380839739400 บอทกลับมาทำงาน
2026-06-15 16:09:42: [handoff] โหลดสถานะแล้ว: มี 0 แชทที่ล็อกอยู่
2026-06-15 16:09:42: 🚀 Webhook Server is running on port 3000
2026-06-15 16:10:22: 
2026-06-15 16:10:22: [META] 📩 "บัญชี"
2026-06-15 16:10:37: 
2026-06-15 16:10:37: [META] 📩 "สวัสดีครับ"
2026-06-15 16:12:51: 
2026-06-15 16:12:51: [META] 📩 "เรียนกี่ปี"
2026-06-15 16:13:02: [handoff] โหลดสถานะแล้ว: มี 0 แชทที่ล็อกอยู่
2026-06-15 16:13:02: 🚀 Webhook Server is running on port 3000
2026-06-15 16:13:39: 
2026-06-15 16:13:39: [META] 📩 "สวัสดีครับ"
2026-06-15 16:31:00: 
2026-06-15 16:31:00: [META] 📩 "คือไม่ต้องไปเรียนหรอคะ"
2026-06-15 16:31:03: 
2026-06-15 16:31:03: [META] 📩 "เรียนออนไลน์"
2026-06-15 16:36:35: 
2026-06-15 16:36:35: [LINE] 📩 "บอกไม่ได้ "
2026-06-15 16:43:19: [handoff] โหลดสถานะแล้ว: มี 0 แชทที่ล็อกอยู่
2026-06-15 16:43:19: 🚀 Webhook Server is running on port 3000
2026-06-15 16:46:21: [handoff] 🔒 ล็อกแชท line:U426bf34fa62073881e874416e588dd15 (แอดมินเข้าดูแล) บอทหยุดตอบ
2026-06-15 16:46:21: [handoff] 🔓 ปลดล็อกแชท line:U426bf34fa62073881e874416e588dd15 บอทกลับมาทำงาน
2026-06-15 16:46:23: [handoff] 🔒 ล็อกแชท line:U426bf34fa62073881e874416e588dd15 (แอดมินเข้าดูแล) บอทหยุดตอบ
2026-06-15 16:46:23: [handoff] 🔓 ปลดล็อกแชท line:U426bf34fa62073881e874416e588dd15 บอทกลับมาทำงาน
2026-06-15 16:46:24: [handoff] 🔒 ล็อกแชท line:U426bf34fa62073881e874416e588dd15 (แอดมินเข้าดูแล) บอทหยุดตอบ
2026-06-15 16:46:24: [handoff] 🔓 ปลดล็อกแชท line:U426bf34fa62073881e874416e588dd15 บอทกลับมาทำงาน
2026-06-15 16:49:08: 
2026-06-15 16:49:08: [LINE] 📩 "สวัสดี"
2026-06-15 16:49:36: 
2026-06-15 16:49:36: [META] 📩 "สวัสดี"
2026-06-15 16:50:13: [handoff] 🔒 ล็อกแชท line:U426bf34fa62073881e874416e588dd15 (แอดมินเข้าดูแล) บอทหยุดตอบ
2026-06-15 16:50:31: [handoff] 🔓 ปลดล็อกแชท line:U426bf34fa62073881e874416e588dd15 บอทกลับมาทำงาน
2026-06-15 16:52:55: 
2026-06-15 16:52:55: [LINE] 📩 "สวัสดีครับ"
2026-06-15 16:53:12: 
2026-06-15 16:53:12: [LINE] 📩 "สวัสดีครับ"
2026-06-15 16:55:05: [handoff] โหลดสถานะแล้ว: มี 0 แชทที่ล็อกอยู่
2026-06-15 16:55:05: 🚀 Webhook Server is running on port 3000
2026-06-15 16:55:45: 
2026-06-15 16:55:45: [LINE] 📩 "สวัสดี"
2026-06-15 16:55:52: [Dify] ✅ ตอบ: "สวัสดีค่ะ ปัจจุบันหลักสูตรปริญญาตรี (เรียนออนไลน์ เสาร์-อาทิตย์) เปิดรับสมัคร 3 ..."
2026-06-15 16:55:53: [LINE] ✅ ส่ง 1 bubbles สำเร็จ
2026-06-15 16:56:13: 
2026-06-15 16:56:13: [LINE] 📩 "บัญชี"
2026-06-15 16:56:16: 
2026-06-15 16:56:16: [LINE] 📩 "สวัสดีครับ"
2026-06-15 16:56:16: [Dify] ✅ ตอบ: "เพื่อที่อาจารย์จะคำนวณระยะเวลาเรียนและสิทธิ์เทียบโอนให้ได้อย่างแม่นยำ รบกวนแจ้งว..."
2026-06-15 16:56:16: [LINE] ✅ ส่ง 1 bubbles สำเร็จ
2026-06-15 16:56:22: [Dify] ✅ ตอบ: "สวัสดีค่ะ ปัจจุบันหลักสูตรปริญญาตรี (เรียนออนไลน์ เสาร์-อาทิตย์) เปิดรับสมัคร 3 ..."
2026-06-15 16:56:22: [LINE] ✅ ส่ง 1 bubbles สำเร็จ
2026-06-15 16:56:24: [handoff] 🔒 ล็อกแชท line:U426bf34fa62073881e874416e588dd15 (แอดมินเข้าดูแล) บอทหยุดตอบ
2026-06-15 16:56:46: 
2026-06-15 16:56:46: [LINE] 📩 "นิติครับ"
2026-06-15 16:56:52: [Dify] ✅ ตอบ: "ขอบคุณค่ะ ไม่ทราบว่านักศึกษาจบวุฒิใดมาคะ? และปัจจุบันประกอบอาชีพอะไร พร้อมทั้งมี..."
2026-06-15 16:56:53: [LINE] ✅ ส่ง 1 bubbles สำเร็จ
2026-06-15 16:57:00: [handoff] 🔓 ปลดล็อกแชท line:U426bf34fa62073881e874416e588dd15 บอทกลับมาทำงาน
2026-06-15 16:57:16: 
2026-06-15 16:57:16: [LINE] 📩 "นิติ "
2026-06-15 16:57:20: [Dify] ✅ ตอบ: "เพื่อที่อาจารย์จะคำนวณระยะเวลาเรียนและสิทธิ์เทียบโอนให้ได้อย่างแม่นยำ รบกวนแจ้งว..."
2026-06-15 16:57:21: [LINE] ✅ ส่ง 1 bubbles สำเร็จ
2026-06-15 16:58:09: [handoff] 🔒 ล็อกแชท line:U426bf34fa62073881e874416e588dd15 (แอดมินเข้าดูแล) บอทหยุดตอบ
2026-06-15 16:58:37: [handoff] 🔓 ปลดล็อกแชท line:U426bf34fa62073881e874416e588dd15 บอทกลับมาทำงาน
2026-06-15 16:58:51: 
2026-06-15 16:58:51: [LINE] 📩 "ขอเลขบัญชี "
2026-06-15 16:58:57: [Dify] ✅ ตอบ: "เรื่องค่าใช้จ่ายขึ้นอยู่กับสิทธิ์เทียบโอนของแต่ละท่านค่ะ อาจารย์ขอทราบข้อมูลเบื้..."
2026-06-15 16:58:57: [LINE] ✅ ส่ง 1 bubbles สำเร็จ
2026-06-15 17:00:26: 
2026-06-15 17:00:26: [LINE] 📩 "สนใจ "
2026-06-15 17:00:31: [Dify] ✅ ตอบ: "สวัสดีค่ะ ปัจจุบันหลักสูตรปริญญาตรี (เรียนออนไลน์ เสาร์-อาทิตย์) เปิดรับสมัคร 3 ..."
2026-06-15 17:00:32: [LINE] ✅ ส่ง 1 bubbles สำเร็จ
2026-06-15 17:03:05: [handoff] 🔒 ล็อกแชท line:Ufc585127e456c822a523cb4a205e6f99 (แอดมินเข้าดูแล) บอทหยุดตอบ
2026-06-15 17:03:07: [handoff] 🔒 ล็อกแชท line:U426bf34fa62073881e874416e588dd15 (แอดมินเข้าดูแล) บอทหยุดตอบ
2026-06-15 17:03:11: [handoff] 🔒 ล็อกแชท meta:27230454543315641 (แอดมินเข้าดูแล) บอทหยุดตอบ
2026-06-15 17:03:12: [handoff] 🔒 ล็อกแชท meta:36132380839739400 (แอดมินเข้าดูแล) บอทหยุดตอบ
